生成启动时间为 2011/11/24 14:50:40。
     1>项目“C:\Users\Zodiac\Documents\Visual Studio 2010\Projects\2372\2372\2372.vcxproj”在节点 2 上(build 个目标)。
     1>InitializeBuildStatus:
         正在创建“Debug\2372.unsuccessfulbuild”，因为已指定“AlwaysCreate”。
       ClCompile:
         D:\Microsoft Visual Studio 10.0\VC\bin\CL.exe /c /ZI /nologo /W3 /WX- /Od /Oy- /D WIN32 /D _DEBUG /D _CONSOLE /D _UNICODE /D UNICODE /Gm /EHsc /RTC1 /MDd /GS /fp:precise /Zc:wchar_t /Zc:forScope /Fo"Debug\\" /Fd"Debug\vc100.pdb" /Gd /TP /analyze- /errorReport:prompt Game.cpp main.cpp
         Game.cpp
     1>c:\users\zodiac\documents\visual studio 2010\projects\2372\2372\game.cpp(159): warning C4018: “<”: 有符号/无符号不匹配
     1>c:\users\zodiac\documents\visual studio 2010\projects\2372\2372\game.cpp(108): warning C4101: “tempBP”: 未引用的局部变量
     1>c:\users\zodiac\documents\visual studio 2010\projects\2372\2372\hand.h(15): warning C4172: 返回局部变量或临时变量的地址
                 c:\users\zodiac\documents\visual studio 2010\projects\2372\2372\hand.h(13): 编译类 模板 成员函数“Hand<C> &Hand<C>::operator +=(const C &)”时
                 with
                 [
                     C=Card
                 ]
                 c:\users\zodiac\documents\visual studio 2010\projects\2372\2372\player.h(20): 参见对正在编译的类 模板 实例化“Hand<C>”的引用
                 with
                 [
                     C=Card
                 ]
     1>c:\users\zodiac\documents\visual studio 2010\projects\2372\2372\deck.h(22): warning C4172: 返回局部变量或临时变量的地址
                 c:\users\zodiac\documents\visual studio 2010\projects\2372\2372\deck.h(20): 编译类 模板 成员函数“Deck<C> &Deck<C>::operator +=(C)”时
                 with
                 [
                     C=Card
                 ]
                 c:\users\zodiac\documents\visual studio 2010\projects\2372\2372\gameboard.h(14): 参见对正在编译的类 模板 实例化“Deck<C>”的引用
                 with
                 [
                     C=Card
                 ]
         正在生成代码...
         正在跳过...(未检测到相关更改)
         main.cpp
       ManifestResourceCompile:
         所有输出均为最新。
       Link:
         D:\Microsoft Visual Studio 10.0\VC\bin\link.exe /ERRORREPORT:PROMPT /OUT:"C:\Users\Zodiac\Documents\Visual Studio 2010\Projects\2372\Debug\2372.exe" /INCREMENTAL /NOLOGO kernel32.lib user32.lib gdi32.lib winspool.lib comdlg32.lib advapi32.lib shell32.lib ole32.lib oleaut32.lib uuid.lib odbc32.lib odbccp32.lib /MANIFEST /ManifestFile:"Debug\2372.exe.intermediate.manifest" /MANIFESTUAC:"level='asInvoker' uiAccess='false'" /DEBUG /PDB:"C:\Users\Zodiac\Documents\Visual Studio 2010\Projects\2372\Debug\2372.pdb" /SUBSYSTEM:CONSOLE /TLBID:1 /DYNAMICBASE /NXCOMPAT /IMPLIB:"C:\Users\Zodiac\Documents\Visual Studio 2010\Projects\2372\Debug\2372.lib" /MACHINE:X86 Debug\2372.exe.embed.manifest.res
         Debug\Action.obj
         Debug\Card.obj
         Debug\Game.obj
         Debug\GameBoard.obj
         Debug\Item.obj
         Debug\main.obj
         Debug\Piece.obj
         Debug\Player.obj
         Debug\Tower.obj
       Manifest:
         C:\Program Files\Microsoft SDKs\Windows\v7.0A\bin\mt.exe /nologo /verbose /out:"Debug\2372.exe.embed.manifest" /manifest Debug\2372.exe.intermediate.manifest
         所有输出均为最新。
       LinkEmbedManifest:
         所有输出均为最新。
         2372.vcxproj -> C:\Users\Zodiac\Documents\Visual Studio 2010\Projects\2372\Debug\2372.exe
       FinalizeBuildStatus:
         正在删除文件“Debug\2372.unsuccessfulbuild”。
         正在对“Debug\2372.lastbuildstate”执行 Touch 任务。
     1>已完成生成项目“C:\Users\Zodiac\Documents\Visual Studio 2010\Projects\2372\2372\2372.vcxproj”(build 个目标)的操作。

生成成功。

已用时间 00:00:02.14
